Replace Symbol from C10 C in G:\7z010\BANK500_501.SchDoc with C from 3.1   - 电阻-电容-电感.SchLib
Replace Symbol from C11 C in G:\7z010\BANK500_501.SchDoc with C from 3.1   - 电阻-电容-电感.SchLib
Replace Symbol from C12 C in G:\7z010\BANK500_501.SchDoc with C from 3.1   - 电阻-电容-电感.SchLib
Replace Symbol from IC1 MAX809TTRG in G:\7z010\BANK500_501.SchDoc with MAX809TTRG from SamacSys.SchLib
Replace Symbol from IC? MAX809TTRG in G:\7z010\BANK500_501.SchDoc with MAX809TTRG from SamacSys.SchLib
Replace Symbol from R25 R in G:\7z010\BANK500_501.SchDoc with R from 3.1   - 电阻-电容-电感.SchLib
Replace Symbol from R26 R in G:\7z010\BANK500_501.SchDoc with R from 3.1   - 电阻-电容-电感.SchLib
Replace Symbol from R27 R in G:\7z010\BANK500_501.SchDoc with R from 3.1   - 电阻-电容-电感.SchLib
Replace Symbol from R28 R in G:\7z010\BANK500_501.SchDoc with R from 3.1   - 电阻-电容-电感.SchLib
Replace Symbol from R29 R in G:\7z010\BANK500_501.SchDoc with R from 3.1   - 电阻-电容-电感.SchLib
Replace Symbol from R30 R in G:\7z010\BANK500_501.SchDoc with R from 3.1   - 电阻-电容-电感.SchLib
Replace Symbol from R31 R in G:\7z010\BANK500_501.SchDoc with R from 3.1   - 电阻-电容-电感.SchLib
Replace Symbol from R32 R in G:\7z010\BANK500_501.SchDoc with R from 3.1   - 电阻-电容-电感.SchLib
Replace Symbol from R33 R in G:\7z010\BANK500_501.SchDoc with R from 3.1   - 电阻-电容-电感.SchLib
Replace Symbol from R34 R in G:\7z010\BANK500_501.SchDoc with R from 3.1   - 电阻-电容-电感.SchLib
Replace Symbol from R35 R in G:\7z010\BANK500_501.SchDoc with R from 3.1   - 电阻-电容-电感.SchLib
Replace Symbol from R36 R in G:\7z010\BANK500_501.SchDoc with R from 3.1   - 电阻-电容-电感.SchLib
Replace Symbol from R37 R in G:\7z010\BANK500_501.SchDoc with R from 3.1   - 电阻-电容-电感.SchLib
Replace Symbol from R38 R in G:\7z010\BANK500_501.SchDoc with R from 3.1   - 电阻-电容-电感.SchLib
Replace Symbol from R39 R in G:\7z010\BANK500_501.SchDoc with R from 3.1   - 电阻-电容-电感.SchLib
Replace Symbol from R40 R in G:\7z010\BANK500_501.SchDoc with R from 3.1   - 电阻-电容-电感.SchLib
Replace Symbol from R41 R in G:\7z010\BANK500_501.SchDoc with R from 3.1   - 电阻-电容-电感.SchLib
Replace Symbol from SW1 CSW-2P in G:\7z010\BANK500_501.SchDoc with CSW-2P from 5.1   - 按键-开关.SchLib
Replace Symbol from SW2 SKRKAEE020 in G:\7z010\BANK500_501.SchDoc with SKRKAEE020 from 0.5 - 按键_开关_蜂鸣器_保险丝_电池_测试点_Mark点_铜柱.SchLib
Replace Symbol from U2 CMP-0363-00007-3 in G:\7z010\BANK500_501.SchDoc with CMP-0363-00007-3 from Xilinx芯片.SchLib
Replace Symbol from X2 XTAL-ACT-4P in G:\7z010\BANK500_501.SchDoc with XTAL-ACT-4P from 10.1 - 保险丝-晶振.SchLib
