Replace Symbol from C11 C in G:\电子技术研究\[2023.2]zynq7010开发板\7z010\BANK500_501.SchDoc with C from 3.1   - 电阻-电容-电感.SchLib
Replace Symbol from C12 C in G:\电子技术研究\[2023.2]zynq7010开发板\7z010\BANK500_501.SchDoc with C from 3.1   - 电阻-电容-电感.SchLib
Replace Symbol from C13 C in G:\电子技术研究\[2023.2]zynq7010开发板\7z010\BANK500_501.SchDoc with C from 3.1   - 电阻-电容-电感.SchLib
Replace Symbol from R25 R in G:\电子技术研究\[2023.2]zynq7010开发板\7z010\BANK500_501.SchDoc with R from 3.1   - 电阻-电容-电感.SchLib
Replace Symbol from R26 R in G:\电子技术研究\[2023.2]zynq7010开发板\7z010\BANK500_501.SchDoc with R from 3.1   - 电阻-电容-电感.SchLib
Replace Symbol from R27 R in G:\电子技术研究\[2023.2]zynq7010开发板\7z010\BANK500_501.SchDoc with R from 3.1   - 电阻-电容-电感.SchLib
Replace Symbol from R28 R in G:\电子技术研究\[2023.2]zynq7010开发板\7z010\BANK500_501.SchDoc with R from 3.1   - 电阻-电容-电感.SchLib
Replace Symbol from R29 R in G:\电子技术研究\[2023.2]zynq7010开发板\7z010\BANK500_501.SchDoc with R from 3.1   - 电阻-电容-电感.SchLib
Replace Symbol from R30 R in G:\电子技术研究\[2023.2]zynq7010开发板\7z010\BANK500_501.SchDoc with R from 3.1   - 电阻-电容-电感.SchLib
Replace Symbol from R31 R in G:\电子技术研究\[2023.2]zynq7010开发板\7z010\BANK500_501.SchDoc with R from 3.1   - 电阻-电容-电感.SchLib
Replace Symbol from R32 R in G:\电子技术研究\[2023.2]zynq7010开发板\7z010\BANK500_501.SchDoc with R from 3.1   - 电阻-电容-电感.SchLib
Replace Symbol from R33 R in G:\电子技术研究\[2023.2]zynq7010开发板\7z010\BANK500_501.SchDoc with R from 3.1   - 电阻-电容-电感.SchLib
Replace Symbol from R34 R in G:\电子技术研究\[2023.2]zynq7010开发板\7z010\BANK500_501.SchDoc with R from 3.1   - 电阻-电容-电感.SchLib
Replace Symbol from R35 R in G:\电子技术研究\[2023.2]zynq7010开发板\7z010\BANK500_501.SchDoc with R from 3.1   - 电阻-电容-电感.SchLib
Replace Symbol from R36 R in G:\电子技术研究\[2023.2]zynq7010开发板\7z010\BANK500_501.SchDoc with R from 3.1   - 电阻-电容-电感.SchLib
Replace Symbol from R37 R in G:\电子技术研究\[2023.2]zynq7010开发板\7z010\BANK500_501.SchDoc with R from 3.1   - 电阻-电容-电感.SchLib
Replace Symbol from R38 R in G:\电子技术研究\[2023.2]zynq7010开发板\7z010\BANK500_501.SchDoc with R from 3.1   - 电阻-电容-电感.SchLib
Replace Symbol from R39 R in G:\电子技术研究\[2023.2]zynq7010开发板\7z010\BANK500_501.SchDoc with R from 3.1   - 电阻-电容-电感.SchLib
Replace Symbol from R40 R in G:\电子技术研究\[2023.2]zynq7010开发板\7z010\BANK500_501.SchDoc with R from 3.1   - 电阻-电容-电感.SchLib
Replace Symbol from R41 R in G:\电子技术研究\[2023.2]zynq7010开发板\7z010\BANK500_501.SchDoc with R from 3.1   - 电阻-电容-电感.SchLib
Replace Symbol from SW1 DSIC02LSGET in G:\电子技术研究\[2023.2]zynq7010开发板\7z010\BANK500_501.SchDoc with DSIC02LSGET from 5.1   - 按键-开关.SchLib
Replace Symbol from U5 XC7Z010-1CLG400C in G:\电子技术研究\[2023.2]zynq7010开发板\7z010\BANK500_501.SchDoc with XC7Z010-1CLG400C from 16.2 - Xilinx芯片.SchLib
Replace Symbol from U6 MAX809TTRG in G:\电子技术研究\[2023.2]zynq7010开发板\7z010\BANK500_501.SchDoc with MAX809TTRG from 1.1   - IC芯片.SchLib
Replace Symbol from X2 XTAL-ACT-4P in G:\电子技术研究\[2023.2]zynq7010开发板\7z010\BANK500_501.SchDoc with XTAL-ACT-4P from 10.1 - 保险丝-晶振.SchLib
