Replace Symbol from C86 C in G:\电子技术研究\[2023.2]zynq7010开发板\7z010\ETH.SchDoc with C from 3.1   - 电阻-电容-电感.SchLib
Replace Symbol from C87 C in G:\电子技术研究\[2023.2]zynq7010开发板\7z010\ETH.SchDoc with C from 3.1   - 电阻-电容-电感.SchLib
Replace Symbol from C88 C in G:\电子技术研究\[2023.2]zynq7010开发板\7z010\ETH.SchDoc with C from 3.1   - 电阻-电容-电感.SchLib
Replace Symbol from C89 C in G:\电子技术研究\[2023.2]zynq7010开发板\7z010\ETH.SchDoc with C from 3.1   - 电阻-电容-电感.SchLib
Replace Symbol from C90 C in G:\电子技术研究\[2023.2]zynq7010开发板\7z010\ETH.SchDoc with C from 3.1   - 电阻-电容-电感.SchLib
Replace Symbol from C91 C in G:\电子技术研究\[2023.2]zynq7010开发板\7z010\ETH.SchDoc with C from 3.1   - 电阻-电容-电感.SchLib
Replace Symbol from C92 C in G:\电子技术研究\[2023.2]zynq7010开发板\7z010\ETH.SchDoc with C from 3.1   - 电阻-电容-电感.SchLib
Replace Symbol from C93 C in G:\电子技术研究\[2023.2]zynq7010开发板\7z010\ETH.SchDoc with C from 3.1   - 电阻-电容-电感.SchLib
Replace Symbol from C94 C in G:\电子技术研究\[2023.2]zynq7010开发板\7z010\ETH.SchDoc with C from 3.1   - 电阻-电容-电感.SchLib
Replace Symbol from C95 C in G:\电子技术研究\[2023.2]zynq7010开发板\7z010\ETH.SchDoc with C from 3.1   - 电阻-电容-电感.SchLib
Replace Symbol from C96 C in G:\电子技术研究\[2023.2]zynq7010开发板\7z010\ETH.SchDoc with C from 3.1   - 电阻-电容-电感.SchLib
Replace Symbol from C97 C in G:\电子技术研究\[2023.2]zynq7010开发板\7z010\ETH.SchDoc with C from 3.1   - 电阻-电容-电感.SchLib
Replace Symbol from C98 C in G:\电子技术研究\[2023.2]zynq7010开发板\7z010\ETH.SchDoc with C from 3.1   - 电阻-电容-电感.SchLib
Replace Symbol from C99 C in G:\电子技术研究\[2023.2]zynq7010开发板\7z010\ETH.SchDoc with C from 3.1   - 电阻-电容-电感.SchLib
Replace Symbol from C100 C in G:\电子技术研究\[2023.2]zynq7010开发板\7z010\ETH.SchDoc with C from 3.1   - 电阻-电容-电感.SchLib
Replace Symbol from C101 C in G:\电子技术研究\[2023.2]zynq7010开发板\7z010\ETH.SchDoc with C from 3.1   - 电阻-电容-电感.SchLib
Replace Symbol from J3 HR911130A in G:\电子技术研究\[2023.2]zynq7010开发板\7z010\ETH.SchDoc with HR911130A from 4.1   - 接口类.SchLib
Replace Symbol from L8 L in G:\电子技术研究\[2023.2]zynq7010开发板\7z010\ETH.SchDoc with L from 3.1   - 电阻-电容-电感.SchLib
Replace Symbol from R86 R in G:\电子技术研究\[2023.2]zynq7010开发板\7z010\ETH.SchDoc with R from 3.1   - 电阻-电容-电感.SchLib
Replace Symbol from R87 R in G:\电子技术研究\[2023.2]zynq7010开发板\7z010\ETH.SchDoc with R from 3.1   - 电阻-电容-电感.SchLib
Replace Symbol from R88 R in G:\电子技术研究\[2023.2]zynq7010开发板\7z010\ETH.SchDoc with R from 3.1   - 电阻-电容-电感.SchLib
Replace Symbol from R89 R in G:\电子技术研究\[2023.2]zynq7010开发板\7z010\ETH.SchDoc with R from 3.1   - 电阻-电容-电感.SchLib
Replace Symbol from R90 R in G:\电子技术研究\[2023.2]zynq7010开发板\7z010\ETH.SchDoc with R from 3.1   - 电阻-电容-电感.SchLib
Replace Symbol from R91 R in G:\电子技术研究\[2023.2]zynq7010开发板\7z010\ETH.SchDoc with R from 3.1   - 电阻-电容-电感.SchLib
Replace Symbol from R92 R in G:\电子技术研究\[2023.2]zynq7010开发板\7z010\ETH.SchDoc with R from 3.1   - 电阻-电容-电感.SchLib
Replace Symbol from R93 R in G:\电子技术研究\[2023.2]zynq7010开发板\7z010\ETH.SchDoc with R from 3.1   - 电阻-电容-电感.SchLib
Replace Symbol from R94 R in G:\电子技术研究\[2023.2]zynq7010开发板\7z010\ETH.SchDoc with R from 3.1   - 电阻-电容-电感.SchLib
Replace Symbol from R95 R in G:\电子技术研究\[2023.2]zynq7010开发板\7z010\ETH.SchDoc with R from 3.1   - 电阻-电容-电感.SchLib
Replace Symbol from R96 R in G:\电子技术研究\[2023.2]zynq7010开发板\7z010\ETH.SchDoc with R from 3.1   - 电阻-电容-电感.SchLib
Replace Symbol from R97 R in G:\电子技术研究\[2023.2]zynq7010开发板\7z010\ETH.SchDoc with R from 3.1   - 电阻-电容-电感.SchLib
Replace Symbol from R98 R in G:\电子技术研究\[2023.2]zynq7010开发板\7z010\ETH.SchDoc with R from 3.1   - 电阻-电容-电感.SchLib
Replace Symbol from R99 R in G:\电子技术研究\[2023.2]zynq7010开发板\7z010\ETH.SchDoc with R from 3.1   - 电阻-电容-电感.SchLib
Replace Symbol from R100 R in G:\电子技术研究\[2023.2]zynq7010开发板\7z010\ETH.SchDoc with R from 3.1   - 电阻-电容-电感.SchLib
Replace Symbol from U14 RTL8211E-VB-CG in G:\电子技术研究\[2023.2]zynq7010开发板\7z010\ETH.SchDoc with RTL8211E-VB-CG from 1.1   - IC芯片.SchLib
Replace Symbol from X3 XTAL-4P in G:\电子技术研究\[2023.2]zynq7010开发板\7z010\ETH.SchDoc with XTAL-4P from 10.1 - 保险丝-晶振.SchLib
