Change Component Designator: Old Designator=C86 New Designator=C?
Change Component Designator: Old Designator=C87 New Designator=C?
Change Component Designator: Old Designator=C88 New Designator=C?
Change Component Designator: Old Designator=C89 New Designator=C?
Change Component Designator: Old Designator=C90 New Designator=C?
Change Component Designator: Old Designator=C91 New Designator=C?
Change Component Designator: Old Designator=C92 New Designator=C?
Change Component Designator: Old Designator=C93 New Designator=C?
Change Component Designator: Old Designator=C94 New Designator=C?
Change Component Designator: Old Designator=C95 New Designator=C?
Change Component Designator: Old Designator=C96 New Designator=C?
Change Component Designator: Old Designator=C97 New Designator=C?
Change Component Designator: Old Designator=C98 New Designator=C?
Change Component Designator: Old Designator=C99 New Designator=C?
Change Component Designator: Old Designator=C100 New Designator=C?
Change Component Designator: Old Designator=C101 New Designator=C?
Change Component Designator: Old Designator=J3 New Designator=J?
Change Component Designator: Old Designator=L8 New Designator=L?
Change Component Designator: Old Designator=R86 New Designator=R?
Change Component Designator: Old Designator=R87 New Designator=R?
Change Component Designator: Old Designator=R88 New Designator=R?
Change Component Designator: Old Designator=R89 New Designator=R?
Change Component Designator: Old Designator=R90 New Designator=R?
Change Component Designator: Old Designator=R91 New Designator=R?
Change Component Designator: Old Designator=R92 New Designator=R?
Change Component Designator: Old Designator=R93 New Designator=R?
Change Component Designator: Old Designator=R94 New Designator=R?
Change Component Designator: Old Designator=R95 New Designator=R?
Change Component Designator: Old Designator=R96 New Designator=R?
Change Component Designator: Old Designator=R97 New Designator=R?
Change Component Designator: Old Designator=R98 New Designator=R?
Change Component Designator: Old Designator=R99 New Designator=R?
Change Component Designator: Old Designator=R100 New Designator=R?
Change Component Designator: Old Designator=U14 New Designator=U?
Change Component Designator: Old Designator=X3 New Designator=X?
