Replace Symbol from C? C in G:\7z010\FLASH.SchDoc with C from 3.1   - 电阻-电容-电感.SchLib
Replace Symbol from C? C in G:\7z010\FLASH.SchDoc with C from 3.1   - 电阻-电容-电感.SchLib
Replace Symbol from C? C in G:\7z010\FLASH.SchDoc with C from 3.1   - 电阻-电容-电感.SchLib
Replace Symbol from E? C-CD in G:\7z010\FLASH.SchDoc with C-CD from 3.1   - 电阻-电容-电感.SchLib
Replace Symbol from E? C-CD in G:\7z010\FLASH.SchDoc with C-CD from 3.1   - 电阻-电容-电感.SchLib
Replace Symbol from IC? W25Q256FVEIG in G:\7z010\FLASH.SchDoc with W25Q256FVEIG from 7z010.SCHLIB
Replace Symbol from IC? AT24C08C-STUM-T in G:\7z010\FLASH.SchDoc with AT24C08C-STUM-T from 7z010.SCHLIB
Replace Symbol from IC? 74LVC1T45W6-7 in G:\7z010\FLASH.SchDoc with 74LVC1T45W6-7 from 7z010.SCHLIB
Replace Symbol from IC? 74LVC1T45W6-7 in G:\7z010\FLASH.SchDoc with 74LVC1T45W6-7 from 7z010.SCHLIB
Replace Symbol from L? L in G:\7z010\FLASH.SchDoc with L from 3.1   - 电阻-电容-电感.SchLib
Replace Symbol from LED? LED-SMD in G:\7z010\FLASH.SchDoc with LED-SMD from 9.1   - LED.SchLib
Replace Symbol from R? R in G:\7z010\FLASH.SchDoc with R from 3.1   - 电阻-电容-电感.SchLib
Replace Symbol from R? R in G:\7z010\FLASH.SchDoc with R from 3.1   - 电阻-电容-电感.SchLib
Replace Symbol from R? R in G:\7z010\FLASH.SchDoc with R from 3.1   - 电阻-电容-电感.SchLib
Replace Symbol from R? R in G:\7z010\FLASH.SchDoc with R from 3.1   - 电阻-电容-电感.SchLib
Replace Symbol from R? R in G:\7z010\FLASH.SchDoc with R from 3.1   - 电阻-电容-电感.SchLib
Replace Symbol from R? R in G:\7z010\FLASH.SchDoc with R from 3.1   - 电阻-电容-电感.SchLib
Replace Symbol from R? R in G:\7z010\FLASH.SchDoc with R from 3.1   - 电阻-电容-电感.SchLib
Replace Symbol from R? R in G:\7z010\FLASH.SchDoc with R from 3.1   - 电阻-电容-电感.SchLib
Replace Symbol from R? R in G:\7z010\FLASH.SchDoc with R from 3.1   - 电阻-电容-电感.SchLib
Replace Symbol from U? CH340E in G:\7z010\FLASH.SchDoc with CH340E from 1.8 - CH340系列编程器芯片.SchLib
Replace Symbol from USBC? USB2.0_Type-C_16Pin in G:\7z010\FLASH.SchDoc with USB2.0_Type-C_16Pin from 0.6 - 电源_RJ45以太网_音频_SD-TF_SIM_ USB Type-C_HDMI插座.SchLib
