Replace Symbol from C83 C in G:\电子技术研究\[2023.2]zynq7010开发板\7z010\FLASH.SchDoc with C from 3.1   - 电阻-电容-电感.SchLib
Replace Symbol from C84 C in G:\电子技术研究\[2023.2]zynq7010开发板\7z010\FLASH.SchDoc with C from 3.1   - 电阻-电容-电感.SchLib
Replace Symbol from C85 C in G:\电子技术研究\[2023.2]zynq7010开发板\7z010\FLASH.SchDoc with C from 3.1   - 电阻-电容-电感.SchLib
Replace Symbol from E6 C-CD in G:\电子技术研究\[2023.2]zynq7010开发板\7z010\FLASH.SchDoc with C-CD from 3.1   - 电阻-电容-电感.SchLib
Replace Symbol from E7 C-CD in G:\电子技术研究\[2023.2]zynq7010开发板\7z010\FLASH.SchDoc with C-CD from 3.1   - 电阻-电容-电感.SchLib
Replace Symbol from J2 TF-01A in G:\电子技术研究\[2023.2]zynq7010开发板\7z010\FLASH.SchDoc with TF-01A from 4.1   - 接口类.SchLib
Replace Symbol from L7 L in G:\电子技术研究\[2023.2]zynq7010开发板\7z010\FLASH.SchDoc with L from 3.1   - 电阻-电容-电感.SchLib
Replace Symbol from LED3 LED-SMD in G:\电子技术研究\[2023.2]zynq7010开发板\7z010\FLASH.SchDoc with LED-SMD from 9.1   - LED.SchLib
Replace Symbol from R77 R in G:\电子技术研究\[2023.2]zynq7010开发板\7z010\FLASH.SchDoc with R from 3.1   - 电阻-电容-电感.SchLib
Replace Symbol from R78 R in G:\电子技术研究\[2023.2]zynq7010开发板\7z010\FLASH.SchDoc with R from 3.1   - 电阻-电容-电感.SchLib
Replace Symbol from R79 R in G:\电子技术研究\[2023.2]zynq7010开发板\7z010\FLASH.SchDoc with R from 3.1   - 电阻-电容-电感.SchLib
Replace Symbol from R80 R in G:\电子技术研究\[2023.2]zynq7010开发板\7z010\FLASH.SchDoc with R from 3.1   - 电阻-电容-电感.SchLib
Replace Symbol from R81 R in G:\电子技术研究\[2023.2]zynq7010开发板\7z010\FLASH.SchDoc with R from 3.1   - 电阻-电容-电感.SchLib
Replace Symbol from R82 R in G:\电子技术研究\[2023.2]zynq7010开发板\7z010\FLASH.SchDoc with R from 3.1   - 电阻-电容-电感.SchLib
Replace Symbol from R83 R in G:\电子技术研究\[2023.2]zynq7010开发板\7z010\FLASH.SchDoc with R from 3.1   - 电阻-电容-电感.SchLib
Replace Symbol from R84 R in G:\电子技术研究\[2023.2]zynq7010开发板\7z010\FLASH.SchDoc with R from 3.1   - 电阻-电容-电感.SchLib
Replace Symbol from R85 R in G:\电子技术研究\[2023.2]zynq7010开发板\7z010\FLASH.SchDoc with R from 3.1   - 电阻-电容-电感.SchLib
Replace Symbol from U8 W25Q256FVEIG in G:\电子技术研究\[2023.2]zynq7010开发板\7z010\FLASH.SchDoc with W25Q256FVEIG from 1.1   - IC芯片.SchLib
Replace Symbol from U9 24Cxx in G:\电子技术研究\[2023.2]zynq7010开发板\7z010\FLASH.SchDoc with 24Cxx from 1.1   - IC芯片.SchLib
Replace Symbol from U10 TXS02612RTWR in G:\电子技术研究\[2023.2]zynq7010开发板\7z010\FLASH.SchDoc with TXS02612RTWR from 1.1   - IC芯片.SchLib
Replace Symbol from U11 74LVC1T45W6-7 in G:\电子技术研究\[2023.2]zynq7010开发板\7z010\FLASH.SchDoc with 74LVC1T45W6-7 from 1.2   - 74系列芯片.SchLib
Replace Symbol from U12 74LVC1T45W6-7 in G:\电子技术研究\[2023.2]zynq7010开发板\7z010\FLASH.SchDoc with 74LVC1T45W6-7 from 1.2   - 74系列芯片.SchLib
Replace Symbol from U13 CH340E in G:\电子技术研究\[2023.2]zynq7010开发板\7z010\FLASH.SchDoc with CH340E from 1.1   - IC芯片.SchLib
