Change Component Designator: Old Designator=C? New Designator=C70
Change Component Designator: Old Designator=C? New Designator=C71
Change Component Designator: Old Designator=C? New Designator=C72
Change Component Designator: Old Designator=E? New Designator=E7
Change Component Designator: Old Designator=E? New Designator=E8
Change Component Designator: Old Designator=IC? New Designator=IC3
Change Component Designator: Old Designator=IC? New Designator=IC4
Change Component Designator: Old Designator=IC? New Designator=IC5
Change Component Designator: Old Designator=IC? New Designator=IC6
Change Component Designator: Old Designator=IC? New Designator=IC7
Change Component Designator: Old Designator=L? New Designator=L7
Change Component Designator: Old Designator=LED? New Designator=LED3
Change Component Designator: Old Designator=R? New Designator=R77
Change Component Designator: Old Designator=R? New Designator=R78
Change Component Designator: Old Designator=R? New Designator=R79
Change Component Designator: Old Designator=R? New Designator=R80
Change Component Designator: Old Designator=R? New Designator=R81
Change Component Designator: Old Designator=R? New Designator=R82
Change Component Designator: Old Designator=R? New Designator=R83
Change Component Designator: Old Designator=R? New Designator=R84
Change Component Designator: Old Designator=R? New Designator=R85
Change Component Designator: Old Designator=U? New Designator=U8
Change Component Designator: Old Designator=U? New Designator=U9
Change Component Designator: Old Designator=USBC? New Designator=USBC2
