Removed Member From Class: ClassName=BANK500_501 Member=U6
Added Component: Designator=U?(SOT23-3L)
Add component (AddParameter): Name = "Arrow Part Number"; Value = "MAX809TTRG"; VariantName = "[No Variations]"
Add component (AddParameter): Name = "Arrow Price/Stock"; Value = "https://www.arrow.com/en/products/max809ttrg/on-semiconductor"; VariantName = "[No Variations]"
Add component (AddParameter): Name = "Datasheet Link"; Value = "http://www.onsemi.com/pub/Collateral/MAX809S-D.PDF"; VariantName = "[No Variations]"
Add component (AddParameter): Name = "Height"; Value = "1.11mm"; VariantName = "[No Variations]"
Add component (AddParameter): Name = "Manufacturer_Name"; Value = "onsemi"; VariantName = "[No Variations]"
Add component (AddParameter): Name = "Manufacturer_Part_Number"; Value = "MAX809TTRG"; VariantName = "[No Variations]"
Add component (AddParameter): Name = "Mouser Part Number"; Value = "863-MAX809TTRG"; VariantName = "[No Variations]"
Add component (AddParameter): Name = "Mouser Price/Stock"; Value = "https://www.mouser.com/Search/Refine.aspx?Keyword=863-MAX809TTRG"; VariantName = "[No Variations]"
Add component (AddParameter): Name = "Mouser Testing Part Number"; Value = ""; VariantName = "[No Variations]"
Add component (AddParameter): Name = "Mouser Testing Price/Stock"; Value = ""; VariantName = "[No Variations]"
Add Pin To Net: Unknown Pin: Pin U14-42
Add Pin To Net: Unknown Pin: Pin U14-43
Add Pin To Net: Unknown Pin: Pin U14-47
Add Pin To Net: Unknown Pin: Pin U14-49
Added Pin To Net: NetName=GND Pin=U?-1
Added Pin To Net: NetName=NetR39_1 Pin=U?-2
Added Pin To Net: NetName=3V3 Pin=U?-3
Added Member To Class: ClassName=BANK500_501 Member=Component U? MAX809TTRG
