Replace Symbol from C1 C in G:\7z010\POWER.SchDoc with C from 3.1   - 电阻-电容-电感.SchLib
Replace Symbol from C2 C in G:\7z010\POWER.SchDoc with C from 3.1   - 电阻-电容-电感.SchLib
Replace Symbol from C3 C in G:\7z010\POWER.SchDoc with C from 3.1   - 电阻-电容-电感.SchLib
Replace Symbol from C4 C in G:\7z010\POWER.SchDoc with C from 3.1   - 电阻-电容-电感.SchLib
Replace Symbol from C5 C in G:\7z010\POWER.SchDoc with C from 3.1   - 电阻-电容-电感.SchLib
Replace Symbol from C6 C in G:\7z010\POWER.SchDoc with C from 3.1   - 电阻-电容-电感.SchLib
Replace Symbol from C7 C in G:\7z010\POWER.SchDoc with C from 3.1   - 电阻-电容-电感.SchLib
Replace Symbol from C8 C in G:\7z010\POWER.SchDoc with C from 3.1   - 电阻-电容-电感.SchLib
Replace Symbol from E1 C-CD in G:\7z010\POWER.SchDoc with C-CD from 3.1   - 电阻-电容-电感.SchLib
Replace Symbol from E2 C-CD in G:\7z010\POWER.SchDoc with C-CD from 3.1   - 电阻-电容-电感.SchLib
Replace Symbol from E3 C-CD in G:\7z010\POWER.SchDoc with C-CD from 3.1   - 电阻-电容-电感.SchLib
Replace Symbol from E4 C-CD in G:\7z010\POWER.SchDoc with C-CD from 3.1   - 电阻-电容-电感.SchLib
Replace Symbol from E5 C-CD in G:\7z010\POWER.SchDoc with C-CD from 3.1   - 电阻-电容-电感.SchLib
Replace Symbol from E6 C-CD in G:\7z010\POWER.SchDoc with C-CD from 3.1   - 电阻-电容-电感.SchLib
Replace Symbol from L1 L in G:\7z010\POWER.SchDoc with L from 3.1   - 电阻-电容-电感.SchLib
Replace Symbol from LED1 LED-SMD in G:\7z010\POWER.SchDoc with LED-SMD from 9.1   - LED.SchLib
Replace Symbol from PS1 SY8003ADFC in G:\7z010\POWER.SchDoc with SY8003ADFC from SamacSys.SchLib
Replace Symbol from PS2 SY8003ADFC in G:\7z010\POWER.SchDoc with SY8003ADFC from SamacSys.SchLib
Replace Symbol from PS3 SY8003ADFC in G:\7z010\POWER.SchDoc with SY8003ADFC from SamacSys.SchLib
Replace Symbol from PS4 SY8003ADFC in G:\7z010\POWER.SchDoc with SY8003ADFC from SamacSys.SchLib
Replace Symbol from R1 R in G:\7z010\POWER.SchDoc with R from 3.1   - 电阻-电容-电感.SchLib
Replace Symbol from R2 R in G:\7z010\POWER.SchDoc with R from 3.1   - 电阻-电容-电感.SchLib
Replace Symbol from R3 R in G:\7z010\POWER.SchDoc with R from 3.1   - 电阻-电容-电感.SchLib
Replace Symbol from R4 R in G:\7z010\POWER.SchDoc with R from 3.1   - 电阻-电容-电感.SchLib
Replace Symbol from R5 R in G:\7z010\POWER.SchDoc with R from 3.1   - 电阻-电容-电感.SchLib
Replace Symbol from R6 R in G:\7z010\POWER.SchDoc with R from 3.1   - 电阻-电容-电感.SchLib
Replace Symbol from R7 R in G:\7z010\POWER.SchDoc with R from 3.1   - 电阻-电容-电感.SchLib
Replace Symbol from R8 R in G:\7z010\POWER.SchDoc with R from 3.1   - 电阻-电容-电感.SchLib
Replace Symbol from R9 R in G:\7z010\POWER.SchDoc with R from 3.1   - 电阻-电容-电感.SchLib
Replace Symbol from R10 R in G:\7z010\POWER.SchDoc with R from 3.1   - 电阻-电容-电感.SchLib
Replace Symbol from R11 R in G:\7z010\POWER.SchDoc with R from 3.1   - 电阻-电容-电感.SchLib
Replace Symbol from R12 R in G:\7z010\POWER.SchDoc with R from 3.1   - 电阻-电容-电感.SchLib
Replace Symbol from R13 R in G:\7z010\POWER.SchDoc with R from 3.1   - 电阻-电容-电感.SchLib
Replace Symbol from R14 R in G:\7z010\POWER.SchDoc with R from 3.1   - 电阻-电容-电感.SchLib
Replace Symbol from R15 R in G:\7z010\POWER.SchDoc with R from 3.1   - 电阻-电容-电感.SchLib
Replace Symbol from R16 R in G:\7z010\POWER.SchDoc with R from 3.1   - 电阻-电容-电感.SchLib
Replace Symbol from R17 R in G:\7z010\POWER.SchDoc with R from 3.1   - 电阻-电容-电感.SchLib
Replace Symbol from R18 R in G:\7z010\POWER.SchDoc with R from 3.1   - 电阻-电容-电感.SchLib
Replace Symbol from USBC1 USB2.0_Type-C_16Pin in G:\7z010\POWER.SchDoc with USB2.0_Type-C_16Pin from 0.6 - 电源_RJ45以太网_音频_SD-TF_SIM_ USB Type-C_HDMI插座.SchLib
