Replace Symbol from C102 C in G:\电子技术研究\[2023.2]zynq7010开发板\7z010\USB.SchDoc with C from 3.1   - 电阻-电容-电感.SchLib
Replace Symbol from C103 C in G:\电子技术研究\[2023.2]zynq7010开发板\7z010\USB.SchDoc with C from 3.1   - 电阻-电容-电感.SchLib
Replace Symbol from C104 C in G:\电子技术研究\[2023.2]zynq7010开发板\7z010\USB.SchDoc with C from 3.1   - 电阻-电容-电感.SchLib
Replace Symbol from C105 C in G:\电子技术研究\[2023.2]zynq7010开发板\7z010\USB.SchDoc with C from 3.1   - 电阻-电容-电感.SchLib
Replace Symbol from C106 C in G:\电子技术研究\[2023.2]zynq7010开发板\7z010\USB.SchDoc with C from 3.1   - 电阻-电容-电感.SchLib
Replace Symbol from C107 C in G:\电子技术研究\[2023.2]zynq7010开发板\7z010\USB.SchDoc with C from 3.1   - 电阻-电容-电感.SchLib
Replace Symbol from IC1 SL2.1A in G:\电子技术研究\[2023.2]zynq7010开发板\7z010\USB.SchDoc with SL2.1A from 1.1   - IC芯片.SchLib
Replace Symbol from J5 XM7A-0442-A in G:\电子技术研究\[2023.2]zynq7010开发板\7z010\USB.SchDoc with XM7A-0442-A from 4.1   - 接口类.SchLib
Replace Symbol from J6 XM7A-0442-A in G:\电子技术研究\[2023.2]zynq7010开发板\7z010\USB.SchDoc with XM7A-0442-A from 4.1   - 接口类.SchLib
Replace Symbol from L10 L in G:\电子技术研究\[2023.2]zynq7010开发板\7z010\USB.SchDoc with L from 3.1   - 电阻-电容-电感.SchLib
Replace Symbol from L11 L in G:\电子技术研究\[2023.2]zynq7010开发板\7z010\USB.SchDoc with L from 3.1   - 电阻-电容-电感.SchLib
Replace Symbol from R112 R in G:\电子技术研究\[2023.2]zynq7010开发板\7z010\USB.SchDoc with R from 3.1   - 电阻-电容-电感.SchLib
Replace Symbol from R113 R in G:\电子技术研究\[2023.2]zynq7010开发板\7z010\USB.SchDoc with R from 3.1   - 电阻-电容-电感.SchLib
Replace Symbol from R114 R in G:\电子技术研究\[2023.2]zynq7010开发板\7z010\USB.SchDoc with R from 3.1   - 电阻-电容-电感.SchLib
Replace Symbol from R115 R in G:\电子技术研究\[2023.2]zynq7010开发板\7z010\USB.SchDoc with R from 3.1   - 电阻-电容-电感.SchLib
Replace Symbol from R116 R in G:\电子技术研究\[2023.2]zynq7010开发板\7z010\USB.SchDoc with R from 3.1   - 电阻-电容-电感.SchLib
Replace Symbol from R117 R in G:\电子技术研究\[2023.2]zynq7010开发板\7z010\USB.SchDoc with R from 3.1   - 电阻-电容-电感.SchLib
Replace Symbol from R118 R in G:\电子技术研究\[2023.2]zynq7010开发板\7z010\USB.SchDoc with R from 3.1   - 电阻-电容-电感.SchLib
Replace Symbol from R119 R in G:\电子技术研究\[2023.2]zynq7010开发板\7z010\USB.SchDoc with R from 3.1   - 电阻-电容-电感.SchLib
Replace Symbol from U16 USB3320C-EZK in G:\电子技术研究\[2023.2]zynq7010开发板\7z010\USB.SchDoc with USB3320C-EZK from 1.1   - IC芯片.SchLib
Replace Symbol from U17 TPS2051BDBVR in G:\电子技术研究\[2023.2]zynq7010开发板\7z010\USB.SchDoc with TPS2051BDBVR from 1.1   - IC芯片.SchLib
Replace Symbol from X4 XTAL-4P in G:\电子技术研究\[2023.2]zynq7010开发板\7z010\USB.SchDoc with XTAL-4P from 10.1 - 保险丝-晶振.SchLib
Replace Symbol from X5 XTAL-4P in G:\电子技术研究\[2023.2]zynq7010开发板\7z010\USB.SchDoc with XTAL-4P from 10.1 - 保险丝-晶振.SchLib
