Change Component Designator: Old Designator=C90 New Designator=C?
Change Component Designator: Old Designator=C91 New Designator=C?
Change Component Designator: Old Designator=C92 New Designator=C?
Change Component Designator: Old Designator=C93 New Designator=C?
Change Component Designator: Old Designator=C94 New Designator=C?
Change Component Designator: Old Designator=IC9 New Designator=IC?
Change Component Designator: Old Designator=J4 New Designator=J?
Change Component Designator: Old Designator=J5 New Designator=J?
Change Component Designator: Old Designator=L10 New Designator=L?
Change Component Designator: Old Designator=L11 New Designator=L?
Change Component Designator: Old Designator=R112 New Designator=R?
Change Component Designator: Old Designator=R113 New Designator=R?
Change Component Designator: Old Designator=R114 New Designator=R?
Change Component Designator: Old Designator=R115 New Designator=R?
Change Component Designator: Old Designator=R116 New Designator=R?
Change Component Designator: Old Designator=R117 New Designator=R?
Change Component Designator: Old Designator=R118 New Designator=R?
Change Component Designator: Old Designator=R119 New Designator=R?
Change Component Designator: Old Designator=U11 New Designator=U?
Change Component Designator: Old Designator=U12 New Designator=U?
Change Component Designator: Old Designator=X4 New Designator=X?
Change Component Designator: Old Designator=X5 New Designator=X?
